activ_dense,activation,dropout_0,dropout_1,dropout_2,dropout_3,filters_0,filters_1,filters_2,filters_3,filters_4,filters_5,filters_6,global_pooling,k_0,k_1,k_2,k_3,k_4,k_5,k_6,l2,lr,s_0,s_1,s_2,stack_0,stack_1,stack_2,step,perf
softmax,sigmoid,0.6984248639452808,0.4178826861283607,0.1636013314444441,0.7956242040271445,56,214,149,302,132,271,152,True,4,4,1,2,4,1,5,0.0023575883290774344,0.25663797627507473,3,4,2,2,3,1,True,0.09799999993294478
softmax,elu,0.8041534638344876,0.7075250510951929,0.6942505192210328,0.3780551709916804,410,79,286,158,184,343,311,True,5,2,4,1,2,5,4,0.000174371228908535,0.671914111988661,4,1,3,3,3,3,True,0.08920000007376075
softmax,sigmoid,0.354134706962733,0.014608299780565335,0.2692990425263554,0.3184068590728408,585,498,151,34,442,26,564,True,1,3,3,4,4,3,4,0.004313710206414797,0.7188203886199663,2,4,1,1,3,2,True,0.11349999956786633
softmax,elu,0.6118848999829672,0.163997758897824,0.4611662979447236,0.529280138094035,562,199,39,285,30,570,362,False,5,2,3,3,2,5,2,0.0054384161822357046,0.7989109105438331,2,4,2,5,1,4,False,0.9365000021457672
softmax,elu,0.6118848999829672,0.163997758897824,0.4611662979447236,0.529280138094035,562,199,39,285,30,570,362,False,5,2,3,3,2,5,2,0.0054384161822357046,0.7989109105438331,2,4,2,5,1,4,False,0.9366000014543533
softmax,elu,0.6118848999829672,0.163997758897824,0.4611662979447236,0.529280138094035,562,199,39,285,30,570,362,False,5,2,3,3,2,5,2,0.0054384161822357046,0.7989109105438331,2,4,2,5,1,4,False,0.9344999998807907
softmax,elu,0.573661757971432,0.21031687338345287,0.6707215921524597,0.10341360923339321,219,524,584,387,319,557,484,False,2,4,3,4,5,1,3,0.0059733656118432805,0.839068100806754,4,3,4,1,1,3,False,0.09580000022426248
softmax,elu,0.573661757971432,0.21031687338345287,0.6707215921524597,0.10341360923339321,219,524,584,387,319,557,484,False,2,4,3,4,5,1,3,0.0059733656118432805,0.839068100806754,4,3,4,1,1,3,False,0.09820000045001506
softmax,selu,0.7851991346856881,0.6601536874834789,0.0750023369927484,0.8843388801275758,453,259,56,594,218,371,46,False,4,4,2,4,3,3,3,0.007989534459398661,0.8035953984141451,3,2,3,3,2,3,False,0.08920000007376075
softmax,selu,0.7424691135934912,0.8100944322177828,0.878426431795785,0.7737495005858595,481,129,517,567,517,528,67,True,3,2,5,3,2,3,2,0.008692701362410106,0.21423131941321427,1,4,1,2,2,1,True,0.11349999956786633
softmax,elu,0.5761927586110611,0.893186225698342,0.48934234760058193,0.07145506627870414,205,499,466,387,548,176,115,False,5,3,2,5,5,1,2,0.002828577542654675,0.5919776962638952,2,5,3,4,3,4,True,0.09799999993294478
softmax,sigmoid,0.8546554003234268,0.6499326329656545,0.8213528081970237,0.8087117522671956,310,199,165,417,321,195,288,False,5,1,5,4,5,2,2,0.001180512177860202,0.5958990152352633,1,2,1,5,4,4,True,0.08920000007376075
softmax,sigmoid,0.889730896696967,0.058827898917728286,0.47001114516987474,0.20644527216737146,405,318,355,178,436,387,436,False,3,1,4,2,1,1,1,0.008350177365141266,0.00835799823203334,1,4,3,5,2,2,False,0.11349999956786633
softmax,sigmoid,0.7408879860316963,0.0427774548316002,0.3305952397537232,0.7359307941455581,591,274,506,378,187,20,327,False,1,3,1,2,2,4,3,0.0012050927734375,0.8921064068167179,3,5,3,5,2,4,False,0.11349999956786633
softmax,tanh,0.49016625814852166,0.035672017841231245,0.4226342452597998,0.7081398945568983,260,348,267,182,13,100,265,False,4,2,3,2,3,3,3,0.00660416059689453,0.020305959842144214,2,2,1,5,3,3,False,0.9323000031709671
softmax,sigmoid,0.6185573275997875,0.39177407760636834,0.3808773638926935,0.7882983754416265,10,96,485,183,331,113,416,True,2,3,3,5,5,5,3,0.0024759311785299168,0.9434090213198282,2,4,4,1,2,4,False,0.11349999956786633
softmax,sigmoid,0.6185573275997875,0.39177407760636834,0.3808773638926935,0.7882983754416265,10,96,485,183,331,113,416,True,2,3,3,5,5,5,3,0.0024759311785299168,0.9434090213198282,2,4,4,1,2,4,False,0.11349999956786633
softmax,sigmoid,0.6185573275997875,0.39177407760636834,0.3808773638926935,0.7882983754416265,10,96,485,183,331,113,416,True,2,3,3,5,5,5,3,0.0024759311785299168,0.9434090213198282,2,4,4,1,2,4,False,0.11349999956786633
softmax,tanh,0.015583158270619003,0.0059238790694209125,0.8392885864988308,0.8157852228111844,114,125,203,379,138,595,185,False,5,5,1,4,4,3,5,0.00606694668781796,0.9024265950720252,2,1,3,2,1,3,True,0.10320000007748603
softmax,sigmoid,0.12868674426083815,0.043824755686527286,0.2621052392109432,0.6142235248462716,235,178,426,545,392,568,549,False,4,2,1,5,1,5,2,0.009013060847222344,0.7640234105269851,1,3,3,1,2,3,True,0.09799999993294478
softmax,sigmoid,0.5105397307368439,0.032620366308640646,0.08533187664145278,0.09300094286726435,235,178,426,545,392,568,548,False,4,2,1,5,1,5,2,0.009422165125068712,0.8666162157575842,1,3,2,1,2,3,False,0.10100000012665987
softmax,tanh,0.3196271398263616,0.03972928611489615,0.18246632191293546,0.2544304135368014,246,208,427,257,583,176,191,True,5,2,1,4,1,1,2,0.003353243485393435,0.5956761870669012,4,4,2,4,4,2,False,0.09789999987930059
softmax,tanh,0.3196271398263616,0.03972928611489615,0.18246632191293546,0.2544304135368014,246,208,427,257,583,176,191,True,5,2,1,4,1,1,2,0.003353243485393435,0.5956761870669012,4,4,2,4,4,2,False,0.09799999993294478
softmax,tanh,0.3196271398263616,0.03972928611489615,0.18246632191293546,0.2544304135368014,246,208,427,257,583,176,191,True,5,2,1,4,1,1,2,0.003353243485393435,0.5956761870669012,4,4,2,4,4,2,False,0.09799999993294478
softmax,elu,0.6520556030452628,0.21338971280549426,0.6955852079515489,0.2650057224494872,223,189,374,30,36,142,189,True,2,4,3,5,2,3,5,0.000605271617482553,0.24762352118936487,2,4,3,4,2,2,False,0.959500002861023
softmax,tanh,0.2131487956239366,0.09909699868726041,0.47856528385534214,0.5054152958383203,414,133,64,216,191,306,491,False,5,2,4,4,4,5,5,0.0002386917555431159,0.9100234542990212,3,1,4,3,2,1,False,0.09580000022426248
softmax,selu,0.19018882017257893,0.5820139624294015,0.0412870441644914,0.42495199602297173,367,504,478,454,35,350,164,True,3,5,3,1,2,3,2,0.0015330503174103844,0.8910258824893033,1,1,1,3,4,1,False,0.09580000022426248
softmax,elu,0.7881611734894531,0.5544130034503507,0.6776750325625626,0.21799868336109854,277,589,537,20,515,89,525,False,1,4,3,5,5,3,5,0.004918223598769217,0.08081710989372341,4,3,4,3,4,2,True,0.10100000012665987
softmax,elu,0.7881611734894531,0.5544130034503507,0.6776750325625626,0.21799868336109854,277,589,537,20,515,89,525,False,1,4,3,5,5,3,5,0.004918223598769217,0.08081710989372341,4,3,4,3,4,2,True,0.10100000012665987
softmax,elu,0.7881611734894531,0.5544130034503507,0.6776750325625626,0.21799868336109854,277,589,537,20,515,89,525,False,1,4,3,5,5,3,5,0.004918223598769217,0.08081710989372341,4,3,4,3,4,2,True,0.10090000040829182
softmax,elu,0.7690999933951645,0.31229838695836626,0.78750125,0.821764836150438,68,248,127,517,95,126,339,True,1,4,1,2,2,2,2,0.0060862242779915685,0.21652040160931063,4,5,1,1,4,4,False,0.11349999956786633
softmax,elu,0.16755921889956996,0.7826762364553448,0.7810045217620034,0.8819680635332026,68,247,127,517,92,130,338,True,4,3,3,2,2,3,2,0.0018533452139106476,0.38237857304685235,4,4,5,2,3,3,True,0.09799999993294478
softmax,elu,0.3424029571057761,0.4305973590824221,0.8222320035352769,0.7809425302338329,437,136,496,492,48,437,453,True,5,5,3,4,4,4,3,0.00022167298811487854,0.38352078479554486,4,3,2,4,3,2,False,0.9712000089883804
softmax,relu,0.8747611713394703,0.3055706691234886,0.8347086414826125,0.8445178165739682,233,204,561,541,17,385,551,True,6,4,4,1,4,5,1,0.002036924016250928,0.4513586187854539,2,3,1,1,2,4,False,0.11349999956786633
softmax,relu,0.8747611713394703,0.3055706691234886,0.8347086414826125,0.8445178165739682,233,204,561,541,17,385,551,True,6,4,4,1,4,5,1,0.002036924016250928,0.4513586187854539,2,3,1,1,2,4,False,0.11349999956786633
softmax,relu,0.7499284252929688,0.21492765594482424,0.8798712105941773,1e-05,80,56,160,391,64,230,310,False,5,1,3,6,5,5,2,1e-05,0.3254674548506737,2,4,2,3,3,1,True,0.09799999993294478
softmax,tanh,0.4392834808681267,0.5207879264586551,0.44488591601399124,0.1420021649018532,360,10,96,485,183,331,113,True,2,3,3,5,5,5,3,0.00013411462370164793,0.28988077370683485,4,2,4,3,1,2,True,0.09580000022426248
softmax,selu,0.29493030987457275,0.8250611115097342,0.21883997858862145,0.18178842024789027,120,37,383,509,593,103,229,True,4,4,3,3,1,2,2,0.00014516555876012717,0.5463055637544316,2,3,1,4,3,2,True,0.09580000022426248
softmax,selu,0.29493030987457275,0.8250611115097342,0.21883997858862145,0.18178842024789027,120,37,383,509,593,103,229,True,4,4,3,3,1,2,2,0.00014516555876012717,0.5463055637544316,2,3,1,4,3,2,True,0.09580000022426248
softmax,elu,0.8766205957458003,0.32582564962036137,0.23981450622849287,0.7586164538921938,202,107,409,153,13,218,443,False,4,3,5,2,2,5,4,0.0011698586856410515,0.31191214980898274,3,4,2,1,3,1,False,0.9080000019073486
softmax,elu,0.8766205957458003,0.32582564962036137,0.23981450622849287,0.7586164538921938,202,107,409,153,13,218,443,False,4,3,5,2,2,5,4,0.0011698586856410515,0.31191214980898274,3,4,2,1,3,1,False,0.9064000010490417
softmax,elu,0.8766205957458003,0.32582564962036137,0.23981450622849287,0.7586164538921938,202,107,409,153,13,218,443,False,4,3,5,2,2,5,4,0.0011698586856410515,0.31191214980898274,3,4,2,1,3,1,False,0.9080000019073486
softmax,elu,0.14349047564758707,0.8526320507146614,0.244392448819259,0.5460802207761303,367,175,528,387,432,45,476,True,2,4,4,5,5,1,3,0.009586836157790865,0.8057691152760799,1,2,3,4,3,1,True,0.09799999993294478
softmax,elu,0.14349047564758707,0.8526320507146614,0.244392448819259,0.5460802207761303,367,175,528,387,432,45,476,True,2,4,4,5,5,1,3,0.009586836157790865,0.8057691152760799,1,2,3,4,3,1,True,0.09799999993294478
softmax,elu,0.14349047564758707,0.8526320507146614,0.244392448819259,0.5460802207761303,367,175,528,387,432,45,476,True,2,4,4,5,5,1,3,0.009586836157790865,0.8057691152760799,1,2,3,4,3,1,True,0.10100000012665987
softmax,relu,0.22417665946277493,0.6821967809248746,0.2535152376204417,0.8210844668895663,527,272,335,316,130,148,310,True,4,4,5,2,2,1,2,0.0008083398015560334,0.4621712869632606,3,2,4,3,1,1,True,0.09580000022426248
softmax,relu,0.22417665946277493,0.6821967809248746,0.2535152376204417,0.8210844668895663,527,272,335,316,130,148,310,True,4,4,5,2,2,1,2,0.0008083398015560334,0.4621712869632606,3,2,4,3,1,1,True,0.09580000022426248
softmax,relu,0.22417665946277493,0.6821967809248746,0.2535152376204417,0.8210844668895663,527,272,335,316,130,148,310,True,4,4,5,2,2,1,2,0.0008083398015560334,0.4621712869632606,3,2,4,3,1,1,True,0.09580000022426248
softmax,selu,0.4232085824481267,0.05517351412966702,0.31201409664278096,0.49707193547572,370,183,437,145,376,149,472,True,5,4,2,3,2,1,4,0.008400761302871452,0.9188785321777402,3,4,1,4,4,3,True,0.09820000045001506
softmax,selu,0.4232085824481267,0.05517351412966702,0.31201409664278096,0.49707193547572,370,183,437,145,376,149,472,True,5,4,2,3,2,1,4,0.008400761302871452,0.9188785321777402,3,4,1,4,4,3,True,0.10100000012665987
softmax,selu,0.4232085824481267,0.05517351412966702,0.31201409664278096,0.49707193547572,370,183,437,145,376,149,472,True,5,4,2,3,2,1,4,0.008400761302871452,0.9188785321777402,3,4,1,4,4,3,True,0.10320000007748603
softmax,tanh,0.22196719102624035,0.8204883217972379,0.3211747185370991,0.7391620971561351,292,44,551,429,546,423,441,True,5,2,4,5,2,5,2,0.001460309764033186,0.3394831518403593,2,2,3,3,3,2,True,0.09799999993294478
softmax,tanh,0.22196719102624035,0.8204883217972379,0.3211747185370991,0.7391620971561351,292,44,551,429,546,423,441,True,5,2,4,5,2,5,2,0.001460309764033186,0.3394831518403593,2,2,3,3,3,2,True,0.09820000045001506
softmax,tanh,0.22196719102624035,0.8204883217972379,0.3211747185370991,0.7391620971561351,292,44,551,429,546,423,441,True,5,2,4,5,2,5,2,0.001460309764033186,0.3394831518403593,2,2,3,3,3,2,True,0.10280000003054739
softmax,tanh,0.6725738494192627,0.5668652033316837,0.8771505760346133,0.6042596095158188,357,104,560,213,19,147,470,False,5,2,4,1,4,1,3,0.008743879219530997,0.8542717481257391,4,2,4,4,3,4,True,0.09799999993294478
softmax,tanh,0.6725738494192627,0.5668652033316837,0.8771505760346133,0.6042596095158188,357,104,560,213,19,147,470,False,5,2,4,1,4,1,3,0.008743879219530997,0.8542717481257391,4,2,4,4,3,4,True,0.16809999972581863
softmax,tanh,0.6725738494192627,0.5668652033316837,0.8771505760346133,0.6042596095158188,357,104,560,213,19,147,470,False,5,2,4,1,4,1,3,0.008743879219530997,0.8542717481257391,4,2,4,4,3,4,True,0.09799999993294478
softmax,sigmoid,0.6185573275997875,0.39177407760636834,0.3808773638926935,0.7882983754416265,361,10,96,485,183,331,113,True,2,3,3,5,5,5,3,0.0024759311785299168,0.9434090213198282,4,2,4,3,1,2,False,0.11349999956786633
softmax,sigmoid,0.6185573275997875,0.39177407760636834,0.3808773638926935,0.7882983754416265,361,10,96,485,183,331,113,True,2,3,3,5,5,5,3,0.0024759311785299168,0.9434090213198282,4,2,4,3,1,2,False,0.11349999956786633
softmax,sigmoid,0.6185573275997875,0.39177407760636834,0.3808773638926935,0.7882983754416265,361,10,96,485,183,331,113,True,2,3,3,5,5,5,3,0.0024759311785299168,0.9434090213198282,4,2,4,3,1,2,False,0.11349999956786633
softmax,elu,0.8891186459222009,0.6081374933035928,0.016759794092909588,0.6323060778775597,556,154,142,348,317,121,251,True,3,3,4,2,5,4,1,0.007972771262372313,0.3198226658514822,4,2,4,4,3,2,False,0.9085000044107437
softmax,elu,0.8891186459222009,0.6081374933035928,0.016759794092909588,0.6323060778775597,556,154,142,348,317,121,251,True,3,3,4,2,5,4,1,0.007972771262372313,0.3198226658514822,4,2,4,4,3,2,False,0.9086000055074692
softmax,elu,0.8891186459222009,0.6081374933035928,0.016759794092909588,0.6323060778775597,556,154,142,348,317,121,251,True,3,3,4,2,5,4,1,0.007972771262372313,0.3198226658514822,4,2,4,4,3,2,False,0.9086000055074692
softmax,elu,0.45000500000000004,0.08221943658828736,0.01407234375,0.31641273437500006,305,97,50,441,362,329,343,True,4,5,3,5,5,3,5,0.0075415234375,0.7262236694335937,4,5,4,4,1,2,False,0.9632000023126602
softmax,elu,0.5247924738213315,0.5100085727242865,0.013272067124590396,0.7066454149092735,112,434,49,504,524,148,370,False,1,5,3,6,4,1,1,0.0030860576874110848,0.6431221247673035,2,3,3,5,2,4,False,0.08920000007376075
softmax,elu,0.8155375902754559,0.46739124602132537,0.8508313757004728,0.45961035966367203,569,90,475,455,224,397,555,True,1,5,5,4,5,2,1,0.0030354577003355375,0.8698152730954811,1,3,5,3,4,5,False,0.10320000007748603
softmax,elu,0.003710514705775103,0.2896797937369506,0.011244794611512895,0.42864416215345785,24,220,162,113,554,593,245,False,4,5,1,5,1,6,5,0.0013726216981562154,0.18664194837487869,3,3,3,2,4,1,False,0.9798000055551529
softmax,elu,0.2589839410019998,0.19382695459407756,0.03693897124427324,0.12174981133223697,398,268,35,143,295,189,53,True,4,3,2,3,5,4,4,0.005848814152299892,0.1528690177072014,4,4,5,4,3,1,True,0.09580000022426248
softmax,elu,0.01595674328034911,0.28334055603356206,0.026357875924006503,0.6072817687630567,24,220,162,112,554,593,245,False,4,5,1,5,1,6,5,0.0017909603827498271,0.2240071394227828,3,3,3,2,4,2,False,0.9785000044107437
softmax,elu,0.41752637513228835,0.2673086712367923,0.0008895079039816833,0.2724996105687334,133,495,189,65,35,466,223,True,1,2,5,2,4,4,5,0.005410441047460554,0.03870108079438792,3,1,2,3,1,1,False,0.8327999979257583
softmax,elu,1e-05,0.3291018023681641,1e-05,0.09844640625000001,136,493,188,62,31,468,220,False,4,2,4,1,6,5,6,1e-05,0.38189775390624997,4,1,3,3,5,4,False,0.10100000012665987
softmax,elu,1e-05,0.3291018023681641,1e-05,0.09844640625000001,136,493,188,62,31,468,220,False,4,2,4,1,6,5,6,1e-05,0.38189775390624997,4,1,3,3,5,4,False,0.10280000003054739
softmax,elu,0.40129548574811286,0.3150272068543985,0.5811896208657324,0.5309902711365977,47,112,342,40,45,404,382,False,3,6,1,2,1,1,5,0.0011116647022409599,0.34135666332002446,4,3,2,4,1,4,False,0.09820000045001506
softmax,elu,0.40129548574811286,0.3150272068543985,0.5811896208657324,0.5309902711365977,47,112,342,40,45,404,382,False,3,6,1,2,1,1,5,0.0011116647022409599,0.34135666332002446,4,3,2,4,1,4,False,0.9607000035047532
softmax,elu,0.40129548574811286,0.3150272068543985,0.5811896208657324,0.5309902711365977,47,112,342,40,45,404,382,False,3,6,1,2,1,1,5,0.0011116647022409599,0.34135666332002446,4,3,2,4,1,4,False,0.9578000026941299
softmax,elu,0.8123575411987305,0.1250088182349503,0.8112589205932618,0.7190345588889772,249,437,103,163,360,554,393,True,4,1,3,5,3,6,3,0.00051974365234375,0.0001,3,4,4,5,4,2,False,0.1244999996200204
softmax,elu,0.8081523608624145,0.894271851713275,0.27297648708173095,0.5378748647019136,79,435,355,30,497,412,312,True,3,6,3,1,5,6,6,0.0010243608331588735,0.08231041539294057,2,3,3,1,4,3,False,0.9289000034332275
softmax,elu,1e-05,0.49719075500488286,1e-05,0.6750025000000001,391,222,164,331,325,544,295,False,2,6,4,4,5,6,2,0.0038733203125000002,0.168051953125,1,3,5,1,4,3,False,0.11349999956786633
softmax,tanh,0.44047776710912473,0.03693597695723177,0.487812958881651,0.6527311673991941,591,205,434,213,545,243,206,True,5,2,1,5,6,2,1,0.0023470332622528077,0.23602507730335506,2,2,3,1,4,4,False,0.9526000040769577
softmax,relu,0.512465935640248,0.6614504165379423,0.005236258046571165,0.4894661861598492,589,203,434,212,548,242,205,True,3,6,1,4,5,1,4,0.00436111328125,0.019094189556822676,2,3,4,2,1,2,False,0.11349999956786633
softmax,sigmoid,1e-05,1e-05,0.4143547613525391,0.43594265625000006,596,208,438,211,546,241,204,True,6,6,1,4,2,1,2,1e-05,0.07724072265625001,4,3,3,4,2,2,False,0.11349999956786633
softmax,selu,0.3643855480480194,0.6633296560668945,0.5227672515548766,0.4525092249512399,18,244,348,241,493,496,348,True,6,5,6,4,6,6,4,0.0008629606682062149,0.11100123176574707,4,5,5,5,4,3,False,0.11349999956786633
softmax,sigmoid,0.3070021736605559,0.6571718014291895,0.549320302734375,0.8969988023918868,98,436,513,81,28,530,195,True,5,5,2,5,5,4,5,0.00035404647827148443,0.14587802423238752,3,5,5,4,5,5,False,0.11349999956786633
softmax,elu,0.10388457824707031,0.3541228866577149,0.8697913665390015,0.6882131982064247,112,598,376,147,211,272,185,False,5,5,4,4,4,6,4,0.0008294921875,0.046368127393722536,3,5,2,4,1,5,False,0.11349999956786633
softmax,elu,0.1331493252782224,0.0372337182900603,0.7398466056727507,0.8228634629505883,529,391,56,398,427,506,382,False,3,5,2,2,1,3,5,0.003550905094012301,0.9140733484531811,4,1,1,4,1,2,False,0.10090000040829182
softmax,elu,1e-05,0.9,0.10800440551757813,0.16875812500000004,251,380,559,432,497,588,293,False,3,6,3,5,1,3,3,0.01,0.6406609375,2,4,1,3,3,4,False,0.09740000028163194
softmax,elu,1e-05,0.22500750000000003,0.7152120141601562,0.9,530,387,53,399,428,506,382,False,3,6,1,6,1,4,6,0.0075025000000000005,0.9217607543945312,1,4,2,4,3,2,False,0.11349999956786633
softmax,elu,0.5711995481311661,0.262598316273118,0.023867692576503084,0.7874300832372308,310,45,367,529,341,353,230,False,5,1,4,4,2,5,3,0.0026857492309228315,0.31081659858845984,2,3,2,1,1,4,True,0.11349999956786633
softmax,elu,0.35299168680784987,0.2888887669768689,0.024538070827510628,0.378942224856851,331,530,240,414,127,457,51,False,2,5,3,3,1,3,2,0.0009681530737499152,0.14867468029700187,3,3,3,4,1,2,False,0.9799000066518784
softmax,elu,0.35299168680784987,0.2888887669768689,0.024538070827510628,0.378942224856851,331,530,240,414,127,457,51,False,2,5,3,3,1,3,2,0.0009681530737499152,0.14867468029700187,3,3,3,4,1,2,False,0.9799000066518784
softmax,tanh,0.80156359375,0.2361092409766553,1e-05,0.43066927734375005,72,60,377,213,561,485,35,False,6,6,4,6,3,5,6,0.00028316406250000005,0.26017545722424984,3,5,3,4,2,1,False,0.9484000015258789
softmax,tanh,0.7620303522683233,0.09159475807787384,0.0937999175615187,0.11893215638990703,42,502,359,566,434,516,221,False,1,5,3,5,6,2,4,0.0036458917944279974,0.2759647867599007,3,3,3,1,2,5,False,0.9345000022649765
softmax,elu,0.6288665743206531,0.055496066451722746,0.009563008933664349,0.7285056453478337,41,502,358,566,434,516,222,True,1,5,4,4,6,1,4,0.004300627764426171,0.26488251707772725,2,3,2,1,2,5,False,0.9473000019788742
softmax,elu,0.010556757812500001,0.17059488132476808,1e-05,0.3654112133789063,381,179,29,312,331,446,331,True,4,5,3,4,1,4,4,0.0080878515625,0.28971336975097656,3,4,4,2,1,4,False,0.9349000018835067
softmax,elu,0.32344390625,0.32127842204093937,0.0250585498046875,1e-05,382,180,19,314,341,443,335,False,5,5,3,5,1,4,6,1e-05,0.593790625,3,4,4,1,5,3,True,0.08920000007376075
softmax,elu,1e-05,0.2369350269075111,0.021529660258293153,0.058957861862182624,27,215,103,544,330,567,32,True,1,6,2,2,1,3,2,0.004879393310546875,0.30555422325134274,3,1,1,4,4,4,False,0.09740000028163194
softmax,elu,0.0971168366034329,0.08998142913304162,0.01253182568506396,0.6222920765426423,151,181,86,178,216,369,400,False,2,5,4,1,1,3,3,0.004431938533782959,0.11495611993437342,3,5,2,2,2,1,False,0.9056000006198883
softmax,elu,1e-05,0.3832088671875,0.010556757812500001,0.6222687109375,150,183,87,170,216,372,405,True,2,5,6,2,1,3,5,1e-05,0.0945729736328125,1,5,3,4,2,2,False,0.980800005197525
softmax,elu,1e-05,0.30938156250000004,1e-05,0.5097699609375,475,465,190,436,53,84,596,False,3,5,1,2,1,4,2,0.002429453125,0.0001,3,4,4,2,4,2,False,0.16269999973475932
softmax,relu,0.3677630967345034,0.570241418143286,0.0072691019581730895,0.6339816466829952,146,334,81,300,569,75,429,False,5,4,4,1,1,3,1,0.005825122888099867,0.20354025206842896,1,2,4,1,2,2,False,0.11349999956786633
softmax,elu,0.3995194864919306,0.4134468456563126,0.01255273636289993,0.6897187733206769,335,263,62,530,50,504,36,True,4,5,3,5,1,1,5,0.005805472501824864,0.12907586178064803,4,4,3,2,2,1,False,0.9571000045537948
softmax,relu,0.640659879709199,0.894678044788623,0.015425442262016023,0.6705958555103678,335,263,62,530,50,503,38,False,6,5,3,5,1,1,4,0.00012131926099442354,0.212804844427279,4,5,3,2,3,1,False,0.11349999956786633
softmax,selu,0.6936637082278728,0.8402350390625,0.010917242698669434,0.22561174133300785,64,47,350,278,569,318,281,False,2,6,3,6,4,5,1,0.00999268310546875,0.2024723388671875,2,5,5,5,4,2,False,0.08920000007376075
softmax,elu,1e-05,0.7378195663070679,0.02376767059326172,0.29531921875000006,408,220,450,55,513,491,204,True,2,6,5,4,1,5,4,1e-05,0.11383717555999756,4,4,2,5,2,2,False,0.9778000062704086
softmax,elu,0.5632071246767044,0.45113653932621706,0.009343388236913597,0.3895070196000487,40,596,474,505,277,272,413,True,4,5,1,5,1,1,1,0.005998978097848594,0.6992396829862613,1,2,1,3,5,2,False,0.08920000007376075
softmax,elu,0.23616742555239956,0.4298759558016811,0.12883334253509704,0.4538500710416303,289,11,62,322,424,473,182,True,1,1,4,1,1,4,4,0.00018860764412100253,0.7521554742118202,3,5,4,5,1,3,False,0.44519999623298645
softmax,elu,0.5689929161004494,0.336281341944497,0.6339253176281974,0.32457461292196915,251,25,515,45,298,279,436,False,2,3,1,1,3,2,5,0.00020991069581126795,0.18379805028844712,1,5,4,1,1,3,False,0.9494000023603439
softmax,elu,0.19204888183593752,0.56250375,0.43146062749862674,0.53262126953125,27,71,60,491,396,291,517,False,4,3,4,1,4,5,5,0.003863412017822266,0.15242851562499998,5,4,3,3,2,4,False,0.11349999956786633
softmax,elu,0.8028905100386258,0.31490066778471876,0.020662061609684555,0.13551763865461935,121,280,249,113,533,546,319,False,2,3,4,2,2,2,4,0.000678372969924717,0.08464918616129022,2,2,1,3,2,2,False,0.9577000051736831
softmax,elu,1e-05,1e-05,0.0175879296875,0.45000500000000004,122,282,249,114,534,547,314,False,3,5,3,2,1,4,5,1e-05,0.0001,2,5,2,4,2,3,False,0.4332999989390373
softmax,elu,0.11371379947662354,0.24961660156250004,0.037527893676757816,0.302350390625,97,577,584,145,18,429,313,False,3,4,2,4,6,1,2,1e-05,0.230545703125,2,4,3,3,3,2,False,0.9799000060558319
softmax,elu,0.005004720216736845,0.3731888016514681,0.29223504114923887,0.37447211850575174,126,262,273,19,564,270,101,True,3,5,1,5,5,3,1,0.0019515318891682547,0.31900163877095045,2,2,3,3,1,1,False,0.970100005865097
softmax,elu,0.33372770722128037,0.4068369521756559,0.27669917016394496,0.32140937421039073,438,197,358,22,342,599,68,True,4,6,6,4,5,2,4,0.002745769257332795,0.07294359961442985,4,2,3,3,4,2,False,0.9569000029563903
softmax,sigmoid,0.7837275398033032,0.29883928171823165,0.0016056033200929874,0.3504211440444833,584,568,94,195,132,193,495,True,5,4,3,2,5,2,2,0.0003051382664908635,0.2174482003502629,4,2,3,4,2,1,False,0.11349999956786633
softmax,elu,0.04395654081344605,0.7671108881517201,0.29260654254424373,0.690788707151711,159,97,347,61,597,14,301,True,1,5,2,1,1,5,6,0.0014936063563823702,0.20089321212768554,3,2,1,4,4,2,False,0.8327999979257583
softmax,elu,1e-05,0.33750625000000006,0.20401408330321313,1e-05,163,94,347,66,593,17,299,True,5,6,3,1,1,2,6,1e-05,0.10949553060531617,2,5,4,2,1,2,False,0.9531000047922135
softmax,elu,0.10167360427856445,0.4669625952792168,0.05625937500000001,0.0953702685546875,522,187,514,559,270,509,189,True,5,2,1,4,6,3,3,1e-05,0.1094640625,5,2,2,3,3,2,False,0.9658000057935715
softmax,elu,0.09637801371877959,0.0479193796037467,0.1038381393383542,0.34056227622821644,153,67,579,154,120,428,114,True,3,4,2,2,4,1,2,0.0011019928219225853,0.07606625080366261,4,4,3,2,1,2,False,0.9692000043392182
softmax,elu,0.09637801371877959,0.0479193796037467,0.1038381393383542,0.34056227622821644,153,67,579,154,120,428,114,True,3,4,2,2,4,1,2,0.0011019928219225853,0.07606625080366261,4,4,3,2,1,2,False,0.9692000043392182
softmax,elu,0.09457376861572266,0.1959162556935102,0.297229144923687,0.373884324798584,151,65,580,155,122,425,116,False,6,4,1,4,3,3,2,0.004728177490234375,0.1029980354802683,1,4,4,3,1,2,False,0.9791000068187714
softmax,elu,0.4449149313806402,0.11403433146876892,0.83985480586616,0.27433520110283616,99,224,235,216,167,125,237,False,1,4,3,3,1,3,1,0.0024498202233618352,0.31742209711029384,4,2,1,3,4,2,False,0.08920000007376075
softmax,elu,0.30571405793190004,0.808938084564209,0.770802216796875,0.72246291015625,325,331,329,14,56,532,484,False,2,5,4,5,2,6,5,0.00165142333984375,0.30670996093749997,1,5,3,3,4,4,False,0.10320000007748603
softmax,elu,0.30571405793190004,0.808938084564209,0.770802216796875,0.72246291015625,325,331,329,14,56,532,484,False,2,5,4,5,2,6,5,0.00165142333984375,0.30670996093749997,1,5,3,3,4,4,False,0.10320000007748603
softmax,elu,0.160908647069037,0.26758430587368176,0.24650464526444457,0.6147685274952819,276,490,11,197,309,304,400,True,5,4,3,2,2,1,4,0.00011360911414027215,0.14491642974053828,3,4,2,4,1,2,False,0.9640000039339065
softmax,elu,0.18872126301765443,0.46582513671875003,1e-05,0.028354411621093752,130,466,400,103,49,569,22,False,3,4,3,4,5,2,2,1e-05,0.1250875,5,4,4,5,1,2,True,0.08920000007376075
softmax,elu,0.29728443171599056,0.23526901778761206,0.20470869467904276,0.5544870368962419,326,366,279,295,330,436,500,True,5,4,5,3,3,4,2,0.0010621611780506357,0.21918615049354342,1,2,2,1,1,4,False,0.10320000007748603
softmax,elu,0.24978815374493601,0.36228014465332037,0.3314638366699219,0.4605517578125,371,298,389,156,12,80,404,False,2,3,2,5,6,3,5,1e-05,0.156334375,3,2,1,1,3,4,False,0.9654000037908554
softmax,elu,0.0979470405139723,0.06666220553866349,0.1893915321020408,0.5308731979250976,348,519,264,232,395,481,11,False,3,1,2,4,5,5,4,0.003612193396118721,0.1098325952994985,2,3,2,1,2,2,False,0.9566000032424927
softmax,tanh,0.37612023177242576,0.2507613197579823,0.07033956723308908,0.5650154371410382,56,524,593,432,160,296,28,True,4,5,2,1,3,3,6,0.003675234929187083,0.23154819323260553,3,4,1,4,3,3,False,0.9379000025987625
softmax,tanh,1e-05,0.57656609375,0.02485255844116211,1e-05,235,114,54,284,190,451,356,False,5,5,4,2,3,4,5,1e-05,0.0001,4,2,2,3,2,2,False,0.6113999980688095
softmax,relu,0.0416850552055426,0.26742060543037954,0.1402103601458898,0.34631924716949464,150,67,578,155,121,425,114,False,5,5,3,4,1,3,2,0.002344832700863481,0.05617661924830464,2,4,1,2,1,1,False,0.956300003528595
softmax,tanh,0.19688281250000003,0.2003983984375,0.050985996093750006,0.14942240234375,551,554,46,377,439,492,53,True,3,6,1,6,5,3,2,0.000160653715133667,0.2656984375,4,3,2,4,2,3,True,0.959700003862381
softmax,elu,0.12264904621539961,0.24481621074210555,0.49640250342423864,0.5334178310554996,346,322,179,580,590,542,454,True,3,2,1,6,1,6,5,0.0017897988320544275,0.15807026841124103,3,3,5,1,1,1,False,0.9412000036239624
softmax,elu,0.7209907022191584,0.39551341796875006,1e-05,0.08438406250000001,318,249,34,389,529,185,45,True,4,3,1,4,1,5,3,0.0003907833862304688,0.159752001953125,4,3,1,3,2,1,False,0.9408000069856643
softmax,elu,0.12264904621539961,0.24481621074210555,0.49640250342423864,0.5334178310554996,346,322,179,580,590,542,454,True,3,2,1,6,1,6,5,0.0017897988320544275,0.15807026841124103,3,3,5,1,1,1,False,0.9412000036239624
softmax,relu,0.0025393034464860093,0.36243109505413246,0.6887021745300628,0.4060420885637464,471,147,483,340,570,500,139,True,3,1,1,3,2,3,3,0.0020645842933811947,0.24491097364292377,3,4,3,4,2,3,False,0.11349999956786633
softmax,selu,0.11099432890643195,0.11674511546362365,0.3088210183348817,0.4797337198830076,319,418,527,172,179,164,393,False,5,4,3,2,5,3,5,0.0018746733973902885,0.14967258141588682,1,2,4,4,2,2,True,0.09580000022426248
softmax,selu,0.11099432890643195,0.11674511546362365,0.3088210183348817,0.4797337198830076,319,418,527,172,179,164,393,False,5,4,3,2,5,3,5,0.0018746733973902885,0.14967258141588682,1,2,4,4,2,2,True,0.09799999993294478
softmax,elu,0.23689577656745914,0.39375562500000005,0.1477744714355469,0.35419155044555667,312,522,586,575,598,13,201,True,4,4,4,3,1,1,1,1e-05,0.2832748046875,4,2,1,2,1,2,False,0.9318999987840653
softmax,elu,0.23689577656745914,0.39375562500000005,0.1477744714355469,0.35419155044555667,312,522,586,575,598,13,201,True,4,4,4,3,1,1,1,1e-05,0.2832748046875,4,2,1,2,1,2,False,0.9319999980926513
softmax,elu,0.45691858821561915,0.27399354224288996,0.2705404419678004,0.3787149003031708,422,439,493,411,247,135,40,True,2,4,2,3,1,1,2,0.0007272759111262754,0.19141824786263908,3,2,2,3,4,4,False,0.9656000047922134
softmax,elu,1e-05,0.16875812500000004,1e-05,1e-05,267,381,515,556,271,99,305,True,3,1,5,2,1,1,5,1e-05,0.1250875,5,5,3,4,3,4,False,0.9582000058889389
softmax,elu,1e-05,0.199519501953125,1e-05,1e-05,266,383,515,555,270,100,306,True,6,2,3,4,1,1,5,1e-05,0.06259375,3,4,4,4,3,4,False,0.9819000047445298
softmax,elu,1e-05,1e-05,1e-05,1e-05,428,55,492,337,327,353,317,True,2,6,5,6,2,2,4,1e-05,0.1250875,1,5,1,1,4,3,False,0.9740000075101852
softmax,elu,1e-05,1e-05,1e-05,0.4862182817077637,426,291,19,410,452,322,281,True,3,1,4,5,4,4,1,1e-05,0.1250875,3,4,2,1,1,4,False,0.957100003361702
softmax,elu,0.08688444360554219,0.2489740587103367,0.017553135117664934,0.17443662025451662,12,348,377,394,529,548,72,False,3,3,1,3,4,5,1,0.008109992790222169,0.15934005584716796,3,3,3,2,1,5,False,0.9473000037670135
softmax,elu,1e-05,1e-05,1e-05,1e-05,360,62,574,87,546,222,140,True,5,4,4,6,4,2,4,1e-05,0.2129693359375,1,5,4,3,4,5,False,0.9810000091791153
softmax,elu,0.6253940315710639,0.10626795404915658,0.017499578099027628,0.1325679967581575,194,350,89,588,155,13,283,False,1,4,2,3,5,1,5,3.8401516510297146e-05,0.1500012914010158,2,2,3,1,2,3,False,0.963900004029274
softmax,elu,0.7593765625,0.48516085937500003,0.050985996093750006,1e-05,514,412,559,320,143,373,127,True,5,2,1,5,2,3,5,1e-05,0.06259375,4,3,1,2,2,4,False,0.9350000011920929
softmax,elu,1e-05,1e-05,1e-05,1e-05,192,352,85,590,149,12,283,False,4,5,4,4,4,2,4,1e-05,0.05478203125,2,2,2,4,4,2,False,0.9820000040531158
softmax,elu,1e-05,1e-05,1e-05,1e-05,184,392,310,442,140,511,56,True,5,4,5,5,1,3,2,1e-05,0.250075,3,1,2,1,4,2,False,0.10280000003054739
softmax,elu,0.07945487531642592,0.008116110389528025,0.5131225622981805,0.0858073427403922,183,391,317,447,140,508,51,False,1,4,3,4,4,3,1,0.003436813309111843,0.28609771218018476,3,2,1,4,1,3,False,0.10320000007748603
softmax,elu,1e-05,1e-05,1e-05,0.6750025000000001,184,388,319,443,141,506,56,True,5,6,5,5,5,2,2,1e-05,0.06259375,3,2,4,3,3,2,False,0.9802000069618225
softmax,elu,0.05604579792797543,0.36186830299874034,0.21934834256280494,0.08313650149107994,123,119,518,182,397,44,143,True,4,2,2,5,1,3,5,0.008075530692293017,0.20475838496364335,4,3,4,4,1,3,False,0.9452000027894973
softmax,elu,1e-05,1e-05,1e-05,1e-05,525,122,42,511,376,574,412,True,5,3,5,5,3,1,4,1e-05,0.1250875,3,4,4,3,5,5,False,0.981700006723404
softmax,elu,1e-05,0.12657109375000003,0.5538795782470703,0.5449258203125,48,222,352,127,255,480,413,True,5,5,4,4,3,4,5,1e-05,0.1407109375,1,2,3,5,4,2,False,0.11349999956786633
softmax,elu,0.31012034194231036,0.6618854634916782,0.019003414256585336,0.33686724544750046,359,23,59,48,515,149,466,True,3,1,2,4,5,2,3,0.004452504348605871,0.2358120135166888,2,2,4,5,4,2,False,0.9603000038862228
softmax,elu,1e-05,1e-05,1e-05,0.16875812500000004,335,97,42,166,278,483,347,True,6,4,1,3,5,4,5,1e-05,0.074311328125,5,5,3,3,2,2,False,0.9693000048398972
softmax,elu,0.02292239909391631,0.03428056558404696,0.4631783826797124,0.32293096741809835,279,565,430,549,413,143,247,False,4,3,3,5,6,3,3,0.004359077999105611,0.12212540388758732,3,2,2,4,2,3,False,0.9789000070095062
softmax,elu,0.028698009118735452,0.2857703579419606,0.284101584715703,0.08983726677806549,50,134,96,436,246,475,186,True,2,2,2,5,4,5,3,0.004460659771041076,0.2664355879838641,4,4,2,4,3,2,False,0.9558000046014786
softmax,tanh,0.013193447265625,1e-05,0.29531921875000006,0.8613285546875,191,382,486,33,557,546,233,False,2,5,4,2,6,6,6,1e-05,0.13289921875,1,4,3,1,3,2,False,0.09580000022426248
softmax,elu,0.2671265332904651,0.14162458683655682,0.31772470645786155,0.28148044179948956,349,468,275,391,236,154,110,False,5,3,2,4,4,2,3,0.005393075007629279,0.04918808560655974,2,4,3,4,3,4,False,0.9699000048637391
softmax,elu,1e-05,0.22110739685058597,1e-05,1e-05,575,72,195,172,10,592,395,True,1,4,6,5,1,2,4,1e-05,0.13387568359375,5,4,3,2,4,2,False,0.9635000032186508
softmax,elu,0.01431953338623047,0.44000755249023443,0.15606052767693998,0.81455821559906,572,73,197,177,13,590,402,True,2,6,3,5,3,2,2,1e-05,0.11077618713378906,2,3,4,4,3,2,False,0.9796000057458878
softmax,elu,0.04219703125000001,0.33750625000000006,1e-05,1e-05,571,460,375,23,463,60,17,False,2,5,1,6,4,3,3,1e-05,0.1250875,4,1,3,5,1,2,False,0.9807000064849853
softmax,elu,0.11995308476090431,0.19688281250000003,1e-05,0.014951240234375001,581,98,356,509,172,221,429,False,5,5,2,6,5,6,2,0.0037562500000000005,0.2758597747802734,4,3,3,4,3,4,False,0.11349999956786633
softmax,elu,0.28845912634007026,0.05357470131753119,0.09567283757046582,0.7546970690608811,184,20,42,514,281,264,358,True,1,5,3,4,3,2,3,0.0014841440351714063,0.12945088627559925,2,3,4,3,3,4,False,0.9736000061035156
softmax,elu,1e-05,1e-05,1e-05,1e-05,475,281,237,407,94,207,147,False,5,2,1,6,3,2,6,1e-05,0.1250875,1,4,2,5,2,4,False,0.10280000003054739
softmax,elu,1e-05,1e-05,0.56250375,1e-05,542,335,106,355,247,472,380,True,2,2,1,5,6,3,1,1e-05,0.10564533640146256,3,2,1,4,4,1,False,0.9672000056505203
softmax,elu,0.04480425193682134,0.09586554103997391,0.15131676181983206,0.1615682646103854,374,588,364,576,11,60,448,True,3,1,4,3,1,2,2,0.0006445825564776898,0.08762291381773393,1,2,4,4,2,1,False,0.8771000003814697
softmax,elu,1e-05,1e-05,1e-05,1e-05,554,479,288,290,33,398,380,False,1,6,4,4,6,2,3,1e-05,0.18758124999999998,2,5,4,4,2,3,False,0.09580000022426248
softmax,elu,0.0838121035853512,0.18298754949495302,0.529317836350161,0.07009080140679835,472,442,510,509,35,170,203,False,2,5,4,1,4,1,4,0.0019070873237055958,0.14397901073060093,4,3,2,4,4,2,False,0.9755000054836274
softmax,elu,0.0838121035853512,0.18298754949495302,0.529317836350161,0.07009080140679835,472,442,510,509,35,170,203,False,2,5,4,1,4,1,4,0.0019070873237055958,0.14397901073060093,4,3,2,4,4,2,False,0.9738000065088273
softmax,elu,0.5987582299804688,0.08378282520771027,0.023740205078125,0.5972888249206543,470,442,507,510,35,165,196,True,1,2,5,4,4,1,3,0.00797078125,0.13289921875,1,5,2,5,5,3,False,0.9538000023365021
softmax,elu,0.20486922484769585,0.12991631583609725,0.6788753738147134,0.2148011191679346,382,226,360,362,416,333,139,False,5,4,1,1,2,3,1,0.00574667016218684,0.21289232017719034,4,3,1,4,4,1,False,0.9661000061035157
softmax,elu,1e-05,0.850781796875,0.01407234375,0.9,125,328,222,182,389,74,44,True,6,2,6,4,1,3,4,0.0010246093750000001,0.0001,4,5,3,3,5,1,False,0.40909999907016753
softmax,elu,0.7889952472826953,0.06756806333319305,0.5991123917043634,0.6076089248087282,587,282,290,103,535,497,203,True,2,3,4,3,6,5,6,0.0005131302420818452,0.1341080346545415,1,2,1,3,3,2,False,0.09690000016242266
softmax,elu,0.04170155375770054,0.16062550149248986,0.3063853230405168,0.13617241008071312,463,37,44,433,499,144,128,False,6,4,1,3,5,1,2,0.002138824941692469,0.1840017104551295,2,1,2,4,3,4,False,0.10320000007748603
softmax,elu,0.04170155375770054,0.16062550149248986,0.3063853230405168,0.13617241008071312,463,37,44,433,499,144,128,False,6,4,1,3,5,1,2,0.002138824941692469,0.1840017104551295,2,1,2,4,3,4,False,0.09799999993294478
softmax,elu,0.5243410714416125,0.22233284233658118,0.0937985126016292,0.36523362482504396,457,548,92,421,34,279,245,False,5,5,3,6,3,2,3,0.0025029349938631186,0.05629295256263327,2,3,3,3,3,2,False,0.9752000069618225
softmax,elu,0.20896639495612737,0.27887553949276256,0.010343144582001751,0.34988262568896517,39,319,50,204,260,435,82,False,1,5,5,5,4,5,3,0.002059754382351837,0.10246750134043918,2,2,4,4,4,2,False,0.09799999993294478
softmax,elu,0.19754966135055405,0.052380660342466495,0.1609135134579068,0.21805475677274724,493,568,591,109,70,232,54,False,3,5,1,3,3,3,2,0.0011849411548441277,0.15270663610644497,1,3,2,4,1,3,False,0.09820000045001506
softmax,elu,0.22043449172973636,0.3319410499954224,0.35477454891920096,0.0878996484375,575,592,266,135,33,124,213,False,2,4,4,5,3,3,4,0.0021953125,0.054263284301757815,2,5,2,5,3,1,False,0.9815000075101853
softmax,elu,0.2847853431795777,0.10218013510018353,0.20926193798862192,0.097766717289376,489,445,593,67,263,564,217,False,2,1,1,2,2,4,3,0.001353012040373311,0.16824907594129032,2,2,2,4,3,3,False,0.09820000045001506
softmax,elu,0.611030778506161,0.18558874726399233,0.5284707061373752,0.2740974489333722,489,445,593,67,263,564,217,False,2,1,1,3,2,4,3,0.0050246453262171925,0.14130922769506354,2,2,2,4,3,3,False,0.09799999993294478
softmax,elu,0.5246965841862965,0.18646149030825881,0.5845675900551025,0.16472854907863543,489,445,594,67,261,564,216,True,4,3,2,5,1,5,1,0.0047538329359702765,0.13860446310099697,4,2,3,5,3,2,False,0.9619000035524369
softmax,elu,1e-05,1e-05,1e-05,1e-05,271,594,153,28,581,570,53,False,3,3,4,4,5,3,3,1e-05,0.250075,5,2,4,4,4,4,False,0.9671000051498413
softmax,elu,1e-05,1e-05,1e-05,0.56250375,273,598,151,22,575,567,54,False,3,4,2,6,3,2,4,1e-05,0.19832236328125,4,5,4,4,1,2,False,0.9791000056266784
softmax,elu,0.323558059797287,0.8743180267524719,0.14471157700009646,0.6034308007431031,274,597,156,26,580,564,54,True,2,6,1,4,4,2,2,0.001393655242919922,0.07214591422826053,5,2,4,2,4,3,False,0.9579000043869018
softmax,elu,0.043392003883670406,0.24008446089232408,0.35596818329506474,0.10095679192866165,510,90,446,187,544,197,27,False,3,2,5,5,3,2,3,0.0038867022427499405,0.18891878244100918,4,2,3,3,2,2,False,0.9657000029087066
softmax,elu,0.2654033801252251,0.6331505520835338,0.2643933100960545,0.3861132330924468,253,457,330,384,194,15,89,False,1,5,5,5,2,2,2,0.0090571859802862,0.1368782463091903,4,3,2,3,4,3,False,0.9517000031471252
softmax,elu,1e-05,1e-05,1e-05,1e-05,560,542,111,88,97,544,91,True,3,6,2,3,3,1,2,1e-05,0.1094640625,3,3,2,4,2,2,False,0.9806000065803527
softmax,elu,0.4336321197891236,0.021103515625000003,0.24641225570082667,0.14554976470947267,167,186,32,28,293,134,258,False,5,5,2,3,4,3,1,0.0037562500000000005,0.058047439438477164,1,3,2,2,3,5,False,0.9786000049114227
softmax,elu,0.08374549235773111,0.3990829039333711,0.33023836394404205,0.41586574367301965,163,188,30,25,294,136,262,False,1,4,2,4,3,4,4,0.004911113223065286,0.022989456261913857,2,2,2,3,3,5,False,0.9676000064611435
softmax,elu,0.06614696044921875,1e-05,0.45000500000000004,0.77343890625,458,572,521,527,383,528,329,False,3,5,3,5,6,1,2,1e-05,0.0001,3,5,2,3,1,4,False,0.795299996137619
softmax,elu,0.010318928868266419,0.5156407688979798,0.03260852765249345,0.6842577434271074,261,272,58,97,149,411,356,False,4,4,4,3,4,2,5,0.0008168584019497206,0.2091911311880755,1,2,4,1,4,1,False,0.10280000003054739
softmax,elu,0.010318928868266419,0.5156407688979798,0.03260852765249345,0.6842577434271074,261,272,58,97,149,411,356,False,4,4,4,3,4,2,5,0.0008168584019497206,0.2091911311880755,1,2,4,1,4,1,False,0.08920000007376075
softmax,elu,0.181161119359409,0.2687312770380983,0.1060459377499015,0.39632407926925384,261,272,58,97,149,411,356,True,4,4,4,3,4,2,5,0.0014257697102385714,0.15053579479371323,1,2,4,2,4,1,False,0.10100000012665987
softmax,elu,0.11250875,1e-05,0.33750625000000006,1e-05,360,116,351,55,598,586,426,True,5,5,2,2,2,2,2,1e-05,0.1250875,4,4,4,1,5,5,False,0.9246000015735626
softmax,elu,0.30531666625976567,1e-05,0.12813561894286427,0.11250875,358,121,349,59,597,584,426,False,5,5,1,5,2,2,3,1e-05,0.08082999382019043,3,2,1,2,1,3,False,0.9795000058412552
softmax,elu,0.43147951004028323,0.0668061328125,0.3911777289152146,0.31641273437500006,357,116,350,55,597,585,427,False,5,5,1,2,5,4,2,1e-05,0.13973447265625,5,2,5,4,2,4,False,0.9791000062227249
softmax,elu,1e-05,1e-05,1e-05,1e-05,232,218,451,41,16,450,224,False,6,4,3,3,2,5,4,0.005005,0.250075,5,4,2,5,1,4,False,0.11349999956786633
softmax,elu,1e-05,1e-05,1e-05,0.22500750000000003,597,124,534,591,237,454,329,True,1,3,3,3,4,4,2,1e-05,0.0001,1,4,4,2,2,3,False,0.46519999742507934
softmax,elu,0.5435753967225552,1e-05,0.1962785711669922,0.20886933980655858,393,170,179,588,398,263,90,False,1,5,3,6,4,3,2,0.00360015625,0.11488039093017578,1,3,3,4,4,4,False,0.09740000028163194
softmax,elu,0.01265946217205092,0.1879492735214187,0.7296681693383796,0.5711797206063218,318,258,101,220,274,86,331,False,5,4,1,5,4,1,3,0.003703749351065359,0.1315079063029468,2,3,2,1,4,1,False,0.10100000012665987
softmax,elu,0.029329818825005006,0.05759431654862129,0.24153950439626107,0.5082216585333328,359,89,126,481,222,215,459,False,4,4,5,5,3,3,4,0.0054685827369615435,0.10821854171036094,4,5,1,4,4,2,False,0.9649000018835068
softmax,elu,0.09241021461309655,0.28390354955199565,0.6047866873228936,0.06644688089058734,344,262,197,492,90,45,302,True,1,5,5,6,2,2,1,0.0012273096373165027,0.09434884719308466,2,3,3,4,3,2,False,0.9769000071287155
softmax,elu,0.1834074383731482,0.046167616067433005,0.5441592445231076,0.19187879656795198,339,569,119,385,32,524,137,False,2,1,4,2,2,3,2,0.001857449101116131,0.19209371020731625,2,4,4,4,2,2,False,0.9533000034093857
softmax,elu,0.5401403650427118,0.10112092537068736,0.29945530967625855,0.5584867917165722,558,426,51,516,521,130,271,False,3,5,3,1,4,5,5,0.0012787827477308714,0.1421130059846391,3,2,3,2,3,3,False,0.9705000084638595
softmax,elu,1e-05,0.018109774475097658,0.2869250706863404,1e-05,555,425,49,516,520,131,269,False,4,5,2,2,2,4,3,1e-05,0.18662562345208716,2,4,2,3,2,4,False,0.9778000056743622
softmax,elu,0.017756654879487743,0.3555298961968202,0.04419166061821943,0.8933108072135787,412,156,331,130,176,600,437,False,2,5,1,3,2,5,3,0.0003881875045723287,0.11061325548922445,2,2,5,1,3,4,False,0.10320000007748603
softmax,elu,0.624905400390625,0.319965656247139,0.4453173704774492,0.2145150831383467,597,196,328,186,55,47,346,False,4,4,2,6,3,3,5,0.0019727748215198518,0.09332259323596954,2,5,2,2,5,5,False,0.9650000047683716
softmax,elu,0.3049321490478516,0.08548268310546875,0.39375562500000005,1e-05,335,459,224,347,133,109,22,False,2,5,5,1,2,2,2,1e-05,0.14553223266601562,2,4,3,3,2,4,False,0.9729000043869018
softmax,elu,0.2120375602502962,0.03735442554781154,0.15830454941808503,0.13606038753651112,69,331,71,278,47,598,143,False,4,5,1,4,5,3,2,0.0003936492821788267,0.12854300878248437,4,2,3,3,1,3,False,0.9796000045537948
softmax,elu,0.2120375602502962,0.03735442554781154,0.15830454941808503,0.13606038753651112,69,331,71,278,47,598,143,False,4,5,1,4,5,3,2,0.0003936492821788267,0.12854300878248437,4,2,3,3,1,3,False,0.9792000049352646
softmax,elu,0.16700033203125003,0.57656609375,1e-05,1e-05,583,26,310,544,64,100,26,False,6,4,5,4,2,4,2,1e-05,0.093840625,3,4,1,3,4,3,False,0.9794000059366226
softmax,elu,1e-05,1e-05,1e-05,0.11778212890625,76,165,11,175,521,195,304,False,5,4,2,2,1,3,1,1e-05,0.0469703125,4,4,2,3,1,2,False,0.9507000011205673
softmax,elu,0.21743201615752364,0.12446386647343637,0.20790753464818004,0.5876049243026495,168,403,45,544,108,138,428,True,5,3,2,5,1,3,4,0.009729971203522437,0.040588418917485984,2,5,3,3,2,1,False,0.9613000029325485
softmax,elu,0.189851640625,1e-05,0.29531921875000006,0.562998129272461,74,517,124,103,382,356,16,False,6,2,4,2,5,5,5,1e-05,0.21815680541992186,3,3,2,2,1,4,False,0.9715000075101853
softmax,elu,0.7650493550461763,0.02001620794854127,0.3826436380696947,0.684671349936426,133,106,532,165,196,161,150,False,2,1,4,2,5,1,5,0.001152880165372044,0.20305349716914278,3,3,2,2,2,5,False,0.9539000046253204
softmax,elu,0.25313218750000005,1e-05,1e-05,0.9,582,458,196,202,195,512,122,False,3,5,6,4,6,3,4,1e-05,0.1250875,3,3,3,4,3,1,False,0.09740000028163194
softmax,elu,0.3224826132202149,0.371399339401722,0.03770926263511182,0.3516127960634232,289,543,274,466,29,329,159,False,3,6,4,5,5,2,4,0.0014921052259206772,0.14812596740722656,3,2,2,5,4,2,False,0.10100000012665987
softmax,elu,0.3734742867961354,0.5280422754731492,0.040392916589946995,0.2369266761334009,489,574,186,74,266,160,151,False,3,3,2,2,5,3,4,0.006888099646341354,0.06619486383024305,1,3,3,1,3,1,False,0.9653000009059906
softmax,elu,0.19688281250000003,0.30938156250000004,0.1586508154296875,0.11498064636230469,503,597,334,182,418,392,466,True,5,5,6,1,5,3,2,1e-05,0.1250875,3,2,1,4,2,3,False,0.08920000007376075
softmax,elu,1e-05,1e-05,1e-05,1e-05,565,356,117,73,317,38,403,False,2,4,6,6,3,4,2,1e-05,0.1250875,4,4,4,2,2,3,False,0.9646000039577484
softmax,elu,0.4607026455450272,0.1962945861963306,0.19777686335501654,0.10818445657296295,562,356,115,72,317,41,400,False,2,5,5,4,4,5,5,0.0013217804378283951,0.05089964269947195,4,2,3,2,5,1,False,0.9646000039577484
softmax,elu,0.24759367874085672,0.4501401818323136,0.6646128474821523,0.059369656836688524,318,32,268,221,150,222,370,False,1,1,2,1,6,4,3,0.001072112621665001,0.15667897459268568,4,4,3,3,4,2,False,0.8941000020503997
softmax,elu,0.47840435190184166,0.07681761176469222,0.49065356785989406,0.08014994827118892,319,32,267,220,146,224,370,True,2,1,2,1,5,2,4,0.0009344827374082207,0.1402077450136735,3,3,1,2,5,1,False,0.9408000075817108
softmax,elu,1e-05,1e-05,1e-05,1e-05,352,14,279,236,478,582,32,False,4,2,2,1,1,3,5,1e-05,0.047946777343750004,2,5,2,3,3,5,False,0.9221000003814698
softmax,elu,0.4040530188705842,0.09287936496285368,0.04608766754301526,0.15877368021581806,364,74,457,103,411,155,454,True,2,1,2,4,2,2,5,0.000522186562171907,0.18563842860352703,2,2,4,3,1,2,False,0.96980000436306
softmax,elu,0.04219703125000001,0.45000500000000004,1e-05,0.4675005331420899,121,271,357,50,438,21,459,True,4,4,1,4,5,2,3,0.0015709375,0.183675390625,3,3,3,4,4,2,False,0.9619000035524369
